<?xml version="1.0" encoding="UTF-8"?>
<!-- Generated by org.testng.reporters.JUnitXMLReporter -->
<testsuite hostname="Jaspreet-VAIO" ignored="0" name="Chrome" tests="2" failures="1" timestamp="02 Aug 2019 05:16:55 GMT" time="6.651" errors="0">
  <testcase name="method" time="6.541" classname="Parameter_Demo.Parameter_BrowserLaunch"/>
  <testcase name="testA" time="0.008" classname="Parameter_Demo.Parameter_BrowserLaunch">
    <failure type="java.lang.NullPointerException">
      <![CDATA[java.lang.NullPointerException
	at Parameter_Demo.Parameter_BrowserLaunch.testA(Parameter_BrowserLaunch.java:36)
	at java.util.concurrent.FutureTask.run(Unknown Source)
	at java.util.concurrent.ThreadPoolExecutor.runWorker(Unknown Source)
	at java.util.concurrent.ThreadPoolExecutor$Worker.run(Unknown Source)
	at java.lang.Thread.run(Unknown Source)
... Removed 16 stack frames]]>
    </failure>
  </testcase> <!-- testA -->
</testsuite> <!-- Chrome -->
