<?xml version="1.0" encoding="UTF-8"?>
<!-- Generated by org.testng.reporters.JUnitXMLReporter -->
<testsuite hostname="Jaspreet-VAIO" ignored="4" name="TestGrouping" tests="4" failures="0" timestamp="01 Aug 2019 03:19:31 GMT" time="0.113" errors="0">
  <testcase name="m1" time="0.023" classname="Grouping_Demo.Grouping_Test"/>
  <testcase name="m2" time="0.01" classname="Grouping_Demo.Grouping_Test"/>
  <testcase name="m3" time="0.004" classname="Grouping_Demo.Grouping_Test"/>
  <testcase name="m7" time="0.003" classname="Grouping_Demo.Grouping_Test"/>
  <testcase name="m8" time="0.0" classname="Grouping_Demo.Grouping_Test">
    <ignored/>
  </testcase> <!-- m8 -->
  <testcase name="m6" time="0.0" classname="Grouping_Demo.Grouping_Test">
    <ignored/>
  </testcase> <!-- m6 -->
  <testcase name="m4" time="0.0" classname="Grouping_Demo.Grouping_Test">
    <ignored/>
  </testcase> <!-- m4 -->
  <testcase name="m5" time="0.0" classname="Grouping_Demo.Grouping_Test">
    <ignored/>
  </testcase> <!-- m5 -->
</testsuite> <!-- TestGrouping -->
