<?xml version="1.0" encoding="UTF-8"?>
<!-- Generated by org.testng.reporters.JUnitXMLReporter -->
<testsuite hostname="Jaspreet-VAIO" ignored="0" name="Test_grouping_practice" tests="6" failures="0" timestamp="01 Aug 2019 16:53:38 GMT" time="0.14" errors="0">
  <testcase name="Add" time="0.028" classname="Grouping_Demo.Grouping_Practice"/>
  <testcase name="Alpha" time="0.004" classname="Grouping_Demo.Grouping_Practice"/>
  <testcase name="Alphao" time="0.006" classname="Grouping_Demo.Grouping_Practice"/>
  <testcase name="Mul" time="0.004" classname="Grouping_Demo.Grouping_Practice"/>
  <testcase name="Alpha1" time="0.004" classname="Grouping_Demo.Grouping_Practice"/>
  <testcase name="Div" time="0.004" classname="Grouping_Demo.Grouping_Practice"/>
</testsuite> <!-- Test_grouping_practice -->
